<?xml version="1.0" encoding="UTF-8"?>
<!-- Generated by org.testng.reporters.JUnitReportReporter -->
<testsuite hostname="StanPC" name="com.gmail.tests.LogingPageTest" tests="4" failures="0" timestamp="15 Apr 2015 06:46:33 GMT" time="8.239" errors="0">
  <testcase name="testNotSuccessLogin" time="2.058" classname="com.gmail.tests.LogingPageTest"/>
  <testcase name="testLogout" time="1.362" classname="com.gmail.tests.LogingPageTest"/>
  <testcase name="testSuccessLogin" time="3.021" classname="com.gmail.tests.LogingPageTest"/>
  <testcase name="testUserProfile" time="1.798" classname="com.gmail.tests.LogingPageTest"/>
</testsuite> <!-- com.gmail.tests.LogingPageTest -->
