<?xml version="1.0" encoding="UTF-8" ?>
<testsuite failures="0" time="15.192" errors="0" skipped="0" tests="4" name="TestSuite">
  <properties>
    <property name="java.runtime.name" value="OpenJDK Runtime Environment"/>
    <property name="sun.boot.library.path" value="/usr/local/buildtools/java/jdk7-google-v6-64/jre/lib/amd64"/>
    <property name="java.vm.version" value="24.76-b04"/>
    <property name="java.vm.vendor" value="Oracle Corporation"/>
    <property name="java.vendor.url" value="http://wiki.corp.google.com/twiki/bin/view/Main/JavaPlatform"/>
    <property name="path.separator" value=":"/>
    <property name="guice.disable.misplaced.annotation.check" value="true"/>
    <property name="java.vm.name" value="OpenJDK 64-Bit Server VM"/>
    <property name="file.encoding.pkg" value="sun.io"/>
    <property name="user.country" value="US"/>
    <property name="sun.java.launcher" value="SUN_STANDARD"/>
    <property name="sun.os.patch.level" value="unknown"/>
    <property name="java.vm.specification.name" value="Java Virtual Machine Specification"/>
    <property name="user.dir" value="/usr/local/google/home/sadamchyk/WebDriver/Test/StanGmailWork"/>
    <property name="java.runtime.version" value="1.7.0-google-v6-88684556-77620724"/>
    <property name="java.awt.graphicsenv" value="sun.awt.X11GraphicsEnvironment"/>
    <property name="java.endorsed.dirs" value="/usr/local/buildtools/java/jdk7-google-v6-64/jre/lib/endorsed"/>
    <property name="os.arch" value="amd64"/>
    <property name="java.io.tmpdir" value="/tmp"/>
    <property name="line.separator" value="
"/>
    <property name="java.vm.specification.vendor" value="Oracle Corporation"/>
    <property name="os.name" value="Linux"/>
    <property name="classworlds.conf" value="/usr/share/maven/bin/m2.conf"/>
    <property name="sun.jnu.encoding" value="UTF-8"/>
    <property name="java.library.path" value="/usr/java/packages/lib/amd64:/usr/lib64:/lib64:/lib:/usr/lib"/>
    <property name="java.specification.name" value="Java Platform API Specification"/>
    <property name="java.class.version" value="51.0"/>
    <property name="sun.management.compiler" value="HotSpot 64-Bit Tiered Compilers"/>
    <property name="os.version" value="3.13.0-48-generic"/>
    <property name="user.home" value="/usr/local/google/home/sadamchyk"/>
    <property name="user.timezone" value="America/Los_Angeles"/>
    <property name="java.awt.printerjob" value="sun.print.PSPrinterJob"/>
    <property name="file.encoding" value="UTF-8"/>
    <property name="java.specification.version" value="1.7"/>
    <property name="user.name" value="sadamchyk"/>
    <property name="java.class.path" value="/usr/share/maven/boot/plexus-classworlds-2.x.jar"/>
    <property name="java.vm.specification.version" value="1.7"/>
    <property name="sun.arch.data.model" value="64"/>
    <property name="java.home" value="/usr/local/buildtools/java/jdk7-google-v6-64/jre"/>
    <property name="sun.java.command" value="org.codehaus.plexus.classworlds.launcher.Launcher test"/>
    <property name="java.specification.vendor" value="Oracle Corporation"/>
    <property name="user.language" value="en"/>
    <property name="awt.toolkit" value="sun.awt.X11.XToolkit"/>
    <property name="java.vm.info" value="mixed mode"/>
    <property name="java.version" value="1.7.0-google-v6"/>
    <property name="java.ext.dirs" value="/usr/local/buildtools/java/jdk7-google-v6-64/jre/lib/ext:/usr/java/packages/lib/ext"/>
    <property name="securerandom.source" value="file:/dev/./urandom"/>
    <property name="sun.boot.class.path" value="/usr/local/buildtools/java/jdk7-google-v6-64/jre/lib/resources.jar:/usr/local/buildtools/java/jdk7-google-v6-64/jre/lib/rt.jar:/usr/local/buildtools/java/jdk7-google-v6-64/jre/lib/sunrsasign.jar:/usr/local/buildtools/java/jdk7-google-v6-64/jre/lib/jsse.jar:/usr/local/buildtools/java/jdk7-google-v6-64/jre/lib/jce.jar:/usr/local/buildtools/java/jdk7-google-v6-64/jre/lib/charsets.jar:/usr/local/buildtools/java/jdk7-google-v6-64/jre/lib/jfr.jar:/usr/local/buildtools/java/jdk7-google-v6-64/jre/classes"/>
    <property name="java.vendor" value="Google Inc."/>
    <property name="maven.home" value="/usr/share/maven"/>
    <property name="file.separator" value="/"/>
    <property name="java.vendor.url.bug" value="http://b.corp.google.com/createIssue?component=32554"/>
    <property name="sun.cpu.endian" value="little"/>
    <property name="sun.io.unicode.encoding" value="UnicodeLittle"/>
    <property name="sun.desktop" value="gnome"/>
    <property name="sun.cpu.isalist" value=""/>
  </properties>
  <testcase time="2.868" classname="com.gmail.tests.LogingPageTest" name="testNotSuccessLogin"/>
  <testcase time="3.732" classname="com.gmail.tests.LogingPageTest" name="testSuccessLogin"/>
  <testcase time="2.532" classname="com.gmail.tests.LogingPageTest" name="testUserProfile"/>
  <testcase time="1.499" classname="com.gmail.tests.LogingPageTest" name="testLogout"/>
</testsuite>